d:\github\course-work_kpo_2-1\surce\lpa-2024\lpa-2024\debug\vc143.pdb
d:\github\course-work_kpo_2-1\surce\lpa-2024\lpa-2024\debug\vc143.idb
d:\github\course-work_kpo_2-1\surce\lpa-2024\lpa-2024\debug\token.obj
d:\github\course-work_kpo_2-1\surce\lpa-2024\lpa-2024\debug\parm.obj
d:\github\course-work_kpo_2-1\surce\lpa-2024\lpa-2024\debug\log.obj
d:\github\course-work_kpo_2-1\surce\lpa-2024\lpa-2024\debug\lexicalanalyzer.obj
d:\github\course-work_kpo_2-1\surce\lpa-2024\lpa-2024\debug\lt.obj
d:\github\course-work_kpo_2-1\surce\lpa-2024\lpa-2024\debug\lpa-2024.obj
d:\github\course-work_kpo_2-1\surce\lpa-2024\lpa-2024\debug\in.obj
d:\github\course-work_kpo_2-1\surce\lpa-2024\lpa-2024\debug\it.obj
d:\github\course-work_kpo_2-1\surce\lpa-2024\lpa-2024\debug\fst.obj
d:\github\course-work_kpo_2-1\surce\lpa-2024\lpa-2024\debug\error.obj
d:\github\course-work_kpo_2-1\surce\lpa-2024\lpa-2024\debug\polish.obj
d:\github\course-work_kpo_2-1\surce\lpa-2024\lpa-2024\debug\mfst.obj
d:\github\course-work_kpo_2-1\surce\lpa-2024\lpa-2024\debug\greibach.obj
d:\github\course-work_kpo_2-1\surce\lpa-2024\debug\lpa-2024.exe
d:\github\course-work_kpo_2-1\surce\lpa-2024\debug\lpa-2024.pdb
d:\github\course-work_kpo_2-1\surce\lpa-2024\lpa-2024\debug\lpa-2024.ilk
d:\github\course-work_kpo_2-1\surce\lpa-2024\lpa-2024\debug\token.obj.enc
d:\github\course-work_kpo_2-1\surce\lpa-2024\lpa-2024\debug\lpa-2024.tlog\cl.command.1.tlog
d:\github\course-work_kpo_2-1\surce\lpa-2024\lpa-2024\debug\lpa-2024.tlog\cl.items.tlog
d:\github\course-work_kpo_2-1\surce\lpa-2024\lpa-2024\debug\lpa-2024.tlog\cl.read.1.tlog
d:\github\course-work_kpo_2-1\surce\lpa-2024\lpa-2024\debug\lpa-2024.tlog\cl.write.1.tlog
d:\github\course-work_kpo_2-1\surce\lpa-2024\lpa-2024\debug\lpa-2024.tlog\link.command.1.tlog
d:\github\course-work_kpo_2-1\surce\lpa-2024\lpa-2024\debug\lpa-2024.tlog\link.read.1.tlog
d:\github\course-work_kpo_2-1\surce\lpa-2024\lpa-2024\debug\lpa-2024.tlog\link.secondary.1.tlog
d:\github\course-work_kpo_2-1\surce\lpa-2024\lpa-2024\debug\lpa-2024.tlog\link.write.1.tlog
