Сборка начата 04.12.2024 13:37:49.
Уровень детализации журнала: Normal.     1>Проект "D:\GitHub\Course-Work_KPO_2-1\surce\LPA-2024\LPA-2024\LPA-2024.vcxproj" в узле 2 (целевые объекты Build).
     1>PrepareForBuild:
         Структурированный вывод включен. Форматирование диагностики компилятора будет отражать иерархию ошибок. Подробнее см. https://aka.ms/cpp/structured-output.
         Создание каталога "D:\GitHub\Course-Work_KPO_2-1\surce\LPA-2024\Debug\".
         Создание каталога "Debug\LPA-2024.tlog\".
       InitializeBuildStatus:
         Создание "Debug\LPA-2024.tlog\unsuccessfulbuild", так как было задано "AlwaysCreate".
         Обращение к "Debug\LPA-2024.tlog\unsuccessfulbuild".
       ClCompile:
         D:\Programs\Microsoft Visual Studio\2022\Community\VC\Tools\MSVC\14.41.34120\bin\HostX86\x86\CL.exe /c /ZI /JMC /nologo /W3 /WX- /diagnostics:column /sdl /Od /Oy- /D WIN32 /D _DEBUG /D _CONSOLE /D _UNICODE /D UNICODE /Gm- /EHsc /RTC1 /MDd /GS /fp:precise /Zc:wchar_t /Zc:forScope /Zc:inline /permissive- /Fo"Debug\\" /Fd"Debug\vc143.pdb" /external:W3 /Gd /TP /analyze- /FC /errorReport:prompt FST.cpp "LPA-2024.cpp"
         FST.cpp
         LPA-2024.cpp
     1>D:\GitHub\Course-Work_KPO_2-1\surce\LPA-2024\LPA-2024\FST.cpp(95,17): warning C4267: инициализация: преобразование из "size_t" в "short"; возможна потеря данных
         Создание кода...
       Link:
         D:\Programs\Microsoft Visual Studio\2022\Community\VC\Tools\MSVC\14.41.34120\bin\HostX86\x86\link.exe /ERRORREPORT:PROMPT /OUT:"D:\GitHub\Course-Work_KPO_2-1\surce\LPA-2024\Debug\LPA-2024.exe" /INCREMENTAL /ILK:"Debug\LPA-2024.ilk" /NOLOGO kernel32.lib user32.lib gdi32.lib winspool.lib comdlg32.lib advapi32.lib shell32.lib ole32.lib oleaut32.lib uuid.lib odbc32.lib odbccp32.lib /MANIFEST /MANIFESTUAC:"level='asInvoker' uiAccess='false'" /manifest:embed /DEBUG /PDB:"D:\GitHub\Course-Work_KPO_2-1\surce\LPA-2024\Debug\LPA-2024.pdb" /SUBSYSTEM:CONSOLE /TLBID:1 /DYNAMICBASE /NXCOMPAT /IMPLIB:"D:\GitHub\Course-Work_KPO_2-1\surce\LPA-2024\Debug\LPA-2024.lib" /MACHINE:X86 Debug\FST.obj
         "Debug\LPA-2024.obj"
         LPA-2024.vcxproj -> D:\GitHub\Course-Work_KPO_2-1\surce\LPA-2024\Debug\LPA-2024.exe
       FinalizeBuildStatus:
         Файл "Debug\LPA-2024.tlog\unsuccessfulbuild" удаляется.
         Обращение к "Debug\LPA-2024.tlog\LPA-2024.lastbuildstate".
     1>Сборка проекта "D:\GitHub\Course-Work_KPO_2-1\surce\LPA-2024\LPA-2024\LPA-2024.vcxproj" завершена (целевые объекты Build).

Сборка успешно завершена.

       "D:\GitHub\Course-Work_KPO_2-1\surce\LPA-2024\LPA-2024\LPA-2024.vcxproj" (целевой объект Build ) (1) ->
       (Целевой объект ClCompile) -> 
         D:\GitHub\Course-Work_KPO_2-1\surce\LPA-2024\LPA-2024\FST.cpp(95,17): warning C4267: инициализация: преобразование из "size_t" в "short"; возможна потеря данных

    Предупреждений: 1
    Ошибок: 0

Прошло времени 00:00:04.12
