Сборка начата 09.12.2024 17:42:32.
Уровень детализации журнала: Normal.     1>Проект "D:\GitHub\Course-Work_KPO_2-1\surce\LPA-2024\LPA-2024_LIB\LPA-2024_LIB.vcxproj" в узле 2 (целевые объекты Build).
     1>PrepareForBuild:
         Структурированный вывод включен. Форматирование диагностики компилятора будет отражать иерархию ошибок. Подробнее см. https://aka.ms/cpp/structured-output.
       InitializeBuildStatus:
         Обращение к "x64\Debug\LPA-2024_LIB.tlog\unsuccessfulbuild".
       ClCompile:
         D:\Programs\VisualStudio\VC\Tools\MSVC\14.41.34120\bin\HostX64\x64\CL.exe /c /ZI /JMC /nologo /W3 /WX- /diagnostics:column /sdl /Od /D _DEBUG /D _CONSOLE /D _UNICODE /D UNICODE /Gm- /EHsc /RTC1 /MDd /GS /fp:precise /Zc:wchar_t /Zc:forScope /Zc:inline /permissive- /Fo"x64\Debug\\" /Fd"D:\GitHub\Course-Work_KPO_2-1\surce\LPA-2024\x64\Debug\LPA-2024_LIB.pdb" /external:W3 /Gd /TP /FC /errorReport:prompt "LPA-2024_LIB.cpp"
         LPA-2024_LIB.cpp
     1>D:\GitHub\Course-Work_KPO_2-1\surce\LPA-2024\LPA-2024_LIB\LPA-2024_LIB.cpp(25,21): warning C4267: return: преобразование из "size_t" в "int"; возможна потеря данных
       Lib:
         D:\Programs\VisualStudio\VC\Tools\MSVC\14.41.34120\bin\HostX64\x64\Lib.exe /OUT:"D:\GitHub\Course-Work_KPO_2-1\surce\LPA-2024\x64\Debug\LPA-2024_LIB.lib" /NOLOGO /MACHINE:X64 "x64\Debug\LPA-2024_LIB.obj"
         LPA-2024_LIB.vcxproj -> D:\GitHub\Course-Work_KPO_2-1\surce\LPA-2024\x64\Debug\LPA-2024_LIB.lib
       FinalizeBuildStatus:
         Файл "x64\Debug\LPA-2024_LIB.tlog\unsuccessfulbuild" удаляется.
         Обращение к "x64\Debug\LPA-2024_LIB.tlog\LPA-2024_LIB.lastbuildstate".
     1>Сборка проекта "D:\GitHub\Course-Work_KPO_2-1\surce\LPA-2024\LPA-2024_LIB\LPA-2024_LIB.vcxproj" завершена (целевые объекты Build).

Сборка успешно завершена.

       "D:\GitHub\Course-Work_KPO_2-1\surce\LPA-2024\LPA-2024_LIB\LPA-2024_LIB.vcxproj" (целевой объект Build ) (1) ->
       (Целевой объект ClCompile) -> 
         D:\GitHub\Course-Work_KPO_2-1\surce\LPA-2024\LPA-2024_LIB\LPA-2024_LIB.cpp(25,21): warning C4267: return: преобразование из "size_t" в "int"; возможна потеря данных

    Предупреждений: 1
    Ошибок: 0

Прошло времени 00:00:02.26
