Сборка начата 17.12.2024 13:19:40.
Уровень детализации журнала: Normal.     1>Проект "D:\GitHub\Course-Work_KPO_2-1\surce\LPA-2024\LPA-2024_LIB\LPA-2024_LIB.vcxproj" в узле 2 (целевые объекты Build).
     1>PrepareForBuild:
         Структурированный вывод включен. Форматирование диагностики компилятора будет отражать иерархию ошибок. Подробнее см. https://aka.ms/cpp/structured-output.
       InitializeBuildStatus:
         Обращение к "Debug\LPA-2024_LIB.tlog\unsuccessfulbuild".
       ClCompile:
         D:\Programs\Microsoft Visual Studio\2022\Community\VC\Tools\MSVC\14.41.34120\bin\HostX86\x86\CL.exe /c /ZI /JMC /nologo /W3 /WX- /diagnostics:column /sdl /Od /Oy- /D WIN32 /D _DEBUG /D _CONSOLE /D _UNICODE /D UNICODE /Gm- /EHsc /RTC1 /MDd /GS /fp:precise /Zc:wchar_t /Zc:forScope /Zc:inline /permissive- /Fo"Debug\\" /Fd"D:\GitHub\Course-Work_KPO_2-1\surce\LPA-2024\Debug\LPA-2024_LIB.pdb" /external:W3 /Gd /TP /analyze- /FC /errorReport:prompt "LPA-2024_LIB.cpp"
         LPA-2024_LIB.cpp
       Lib:
         D:\Programs\Microsoft Visual Studio\2022\Community\VC\Tools\MSVC\14.41.34120\bin\HostX86\x86\Lib.exe /OUT:"D:\GitHub\Course-Work_KPO_2-1\surce\LPA-2024\Debug\LPA-2024_LIB.lib" /NOLOGO /MACHINE:X86 "Debug\LPA-2024_LIB.obj"
         LPA-2024_LIB.vcxproj -> D:\GitHub\Course-Work_KPO_2-1\surce\LPA-2024\Debug\LPA-2024_LIB.lib
       FinalizeBuildStatus:
         Файл "Debug\LPA-2024_LIB.tlog\unsuccessfulbuild" удаляется.
         Обращение к "Debug\LPA-2024_LIB.tlog\LPA-2024_LIB.lastbuildstate".
     1>Сборка проекта "D:\GitHub\Course-Work_KPO_2-1\surce\LPA-2024\LPA-2024_LIB\LPA-2024_LIB.vcxproj" завершена (целевые объекты Build).

Сборка успешно завершена.
    Предупреждений: 0
    Ошибок: 0

Прошло времени 00:00:00.96
