Сборка начата 17.12.2024 07:04:52.
Уровень детализации журнала: Normal.     1>Проект "D:\GitHub\Course-Work_KPO_2-1\references\2023\SIV-2023\SIV-2023.vcxproj" в узле 2 (целевые объекты Build).
     1>PrepareForBuild:
         Структурированный вывод включен. Форматирование диагностики компилятора будет отражать иерархию ошибок. Подробнее см. https://aka.ms/cpp/structured-output.
       InitializeBuildStatus:
         Создание "SIV-2023\Debug\SIV-2023.tlog\unsuccessfulbuild", так как было задано "AlwaysCreate".
         Обращение к "SIV-2023\Debug\SIV-2023.tlog\unsuccessfulbuild".
       ClCompile:
         Для всех выходных данных обновления не требуется.
         D:\Programs\Microsoft Visual Studio\2022\Community\VC\Tools\MSVC\14.41.34120\bin\HostX86\x86\CL.exe /c /ZI /JMC /nologo /W3 /WX- /diagnostics:column /sdl /Od /Oy- /D WIN32 /D _DEBUG /D _CONSOLE /D _UNICODE /D UNICODE /Gm- /EHsc /RTC1 /MDd /GS /fp:precise /Zc:wchar_t /Zc:forScope /Zc:inline /permissive- /Yu"pch.h" /Fp"SIV-2023\Debug\SIV-2023.pch" /Fo"SIV-2023\Debug\\" /Fd"SIV-2023\Debug\vc143.pdb" /external:W3 /Gd /TP /analyze- /FC /errorReport:prompt CodeGeneration.cpp
         CodeGeneration.cpp
       Link:
         D:\Programs\Microsoft Visual Studio\2022\Community\VC\Tools\MSVC\14.41.34120\bin\HostX86\x86\link.exe /ERRORREPORT:PROMPT /OUT:"D:\GitHub\Course-Work_KPO_2-1\references\2023\SIV-2023\Debug\SIV-2023.exe" /INCREMENTAL /ILK:"SIV-2023\Debug\SIV-2023.ilk" /NOLOGO kernel32.lib user32.lib gdi32.lib winspool.lib comdlg32.lib advapi32.lib shell32.lib ole32.lib oleaut32.lib uuid.lib odbc32.lib odbccp32.lib /MANIFEST /MANIFESTUAC:"level='asInvoker' uiAccess='false'" /manifest:embed /DEBUG /PDB:"D:\GitHub\Course-Work_KPO_2-1\references\2023\SIV-2023\Debug\SIV-2023.pdb" /SUBSYSTEM:CONSOLE /TLBID:1 /DYNAMICBASE /NXCOMPAT /IMPLIB:"D:\GitHub\Course-Work_KPO_2-1\references\2023\SIV-2023\Debug\SIV-2023.lib" /MACHINE:X86 "SIV-2023\Debug\CodeGeneration.obj"
         "SIV-2023\Debug\Error.obj"
         "SIV-2023\Debug\FST.obj"
         "SIV-2023\Debug\Greibach.obj"
         "SIV-2023\Debug\In.obj"
         "SIV-2023\Debug\IT.obj"
         "SIV-2023\Debug\LexAnalyzer.obj"
         "SIV-2023\Debug\Log.obj"
         "SIV-2023\Debug\LT.obj"
         "SIV-2023\Debug\MFST.obj"
         "SIV-2023\Debug\Parm.obj"
         "SIV-2023\Debug\pch.obj"
         "SIV-2023\Debug\Polish.obj"
         "SIV-2023\Debug\Semantic.obj"
         "SIV-2023\Debug\SIV-2023.obj"
         "SIV-2023\Debug\Tokenization.obj"
         SIV-2023.vcxproj -> D:\GitHub\Course-Work_KPO_2-1\references\2023\SIV-2023\Debug\SIV-2023.exe
       FinalizeBuildStatus:
         Файл "SIV-2023\Debug\SIV-2023.tlog\unsuccessfulbuild" удаляется.
         Обращение к "SIV-2023\Debug\SIV-2023.tlog\SIV-2023.lastbuildstate".
     1>Сборка проекта "D:\GitHub\Course-Work_KPO_2-1\references\2023\SIV-2023\SIV-2023.vcxproj" завершена (целевые объекты Build).

Сборка успешно завершена.
    Предупреждений: 0
    Ошибок: 0

Прошло времени 00:00:04.04
