Сборка начата 17.12.2024 18:59:42.
Уровень детализации журнала: Normal.     1>Проект "D:\GitHub\Course-Work_KPO_2-1\surce\LPA-2024\LPA-2024_ASM\LPA-2024_ASM.vcxproj" в узле 2 (целевые объекты Build).
     1>PrepareForBuild:
         Структурированный вывод включен. Форматирование диагностики компилятора будет отражать иерархию ошибок. Подробнее см. https://aka.ms/cpp/structured-output.
       InitializeBuildStatus:
         Обращение к "Debug\LPA-2024_ASM.tlog\unsuccessfulbuild".
       _MASM:
         Assembling LPA-2024_ASM.asm...
         cmd.exe /C "C:\Users\Kapetto\AppData\Local\Temp\tmpc97e6cb7c4664430a01194b380da95e1.cmd"
         ml.exe /c /nologo /Zi /Fo"Debug\LPA-2024_ASM.obj" /Fl"Debug\\" /W3 /errorReport:prompt  /Ta"LPA-2024_ASM.asm"
     1>LPA-2024_ASM.asm(145): error A2070: invalid instruction operands
     1>LPA-2024_ASM.asm(147): error A2022: instruction operands must be the same size
     1>D:\Programs\VisualStudio\MSBuild\Microsoft\VC\v170\BuildCustomizations\masm.targets(70,5): error MSB3721: выход из команды "ml.exe /c /nologo /Zi /Fo"Debug\LPA-2024_ASM.obj" /Fl"Debug\\" /W3 /errorReport:prompt  /Ta"LPA-2024_ASM.asm"" с кодом "1".
     1>Сборка проекта "D:\GitHub\Course-Work_KPO_2-1\surce\LPA-2024\LPA-2024_ASM\LPA-2024_ASM.vcxproj" завершена (целевые объекты Build) с ошибкой.

Ошибка сборки.

       "D:\GitHub\Course-Work_KPO_2-1\surce\LPA-2024\LPA-2024_ASM\LPA-2024_ASM.vcxproj" (целевой объект Build ) (1) ->
       (Целевой объект _MASM) -> 
         LPA-2024_ASM.asm(145): error A2070: invalid instruction operands
         LPA-2024_ASM.asm(147): error A2022: instruction operands must be the same size
         D:\Programs\VisualStudio\MSBuild\Microsoft\VC\v170\BuildCustomizations\masm.targets(70,5): error MSB3721: выход из команды "ml.exe /c /nologo /Zi /Fo"Debug\LPA-2024_ASM.obj" /Fl"Debug\\" /W3 /errorReport:prompt  /Ta"LPA-2024_ASM.asm"" с кодом "1".

    Предупреждений: 0
    Ошибок: 3

Прошло времени 00:00:00.55
