d:\kpo_3sem\siv-2023\siv-2023\debug\siv-2023.pch
d:\kpo_3sem\siv-2023\siv-2023\debug\vc143.pdb
d:\kpo_3sem\siv-2023\siv-2023\debug\vc143.idb
d:\kpo_3sem\siv-2023\siv-2023\debug\pch.obj
d:\kpo_3sem\siv-2023\siv-2023\debug\tokenization.obj
d:\kpo_3sem\siv-2023\siv-2023\debug\siv-2023.obj
d:\kpo_3sem\siv-2023\siv-2023\debug\semantic.obj
d:\kpo_3sem\siv-2023\siv-2023\debug\polish.obj
d:\kpo_3sem\siv-2023\siv-2023\debug\parm.obj
d:\kpo_3sem\siv-2023\siv-2023\debug\mfst.obj
d:\kpo_3sem\siv-2023\siv-2023\debug\lt.obj
d:\kpo_3sem\siv-2023\siv-2023\debug\log.obj
d:\kpo_3sem\siv-2023\siv-2023\debug\lexanalyzer.obj
d:\kpo_3sem\siv-2023\siv-2023\debug\it.obj
d:\kpo_3sem\siv-2023\siv-2023\debug\in.obj
d:\kpo_3sem\siv-2023\siv-2023\debug\greibach.obj
d:\kpo_3sem\siv-2023\siv-2023\debug\fst.obj
d:\kpo_3sem\siv-2023\siv-2023\debug\error.obj
d:\kpo_3sem\siv-2023\siv-2023\debug\codegeneration.obj
d:\kpo_3sem\siv-2023\siv-2023\debug\siv-2023.ilk
d:\kpo_3sem\siv-2023\siv-2023\debug\siv-2023.exe
d:\kpo_3sem\siv-2023\siv-2023\debug\siv-2023.pdb
d:\kpo_3sem\siv-2023\siv-2023\debug\siv-2023.tlog\cl.command.1.tlog
d:\kpo_3sem\siv-2023\siv-2023\debug\siv-2023.tlog\cl.read.1.tlog
d:\kpo_3sem\siv-2023\siv-2023\debug\siv-2023.tlog\cl.write.1.tlog
d:\kpo_3sem\siv-2023\siv-2023\debug\siv-2023.tlog\link.command.1.tlog
d:\kpo_3sem\siv-2023\siv-2023\debug\siv-2023.tlog\link.read.1.tlog
d:\kpo_3sem\siv-2023\siv-2023\debug\siv-2023.tlog\link.write.1.tlog
